<?xml version="1.0" encoding="utf-8"?><testsuites name="pytest tests"><testsuite name="pytest" errors="0" failures="0" skipped="0" tests="11" time="9.775" timestamp="2026-03-28T21:37:40.084573+00:00" hostname="agent-env-d04a1fb6-ad19-409a-8a5f-bdae3441a1b1"><testcase classname="backend.tests.test_client_integration_requests_iteration25.TestClientIntegrationRequests" name="test_01_admin_can_create_integration_request" time="1.259" /><testcase classname="backend.tests.test_client_integration_requests_iteration25.TestClientIntegrationRequests" name="test_02_get_tax_return_with_pending_requests" time="0.688" /><testcase classname="backend.tests.test_client_integration_requests_iteration25.TestClientIntegrationRequests" name="test_03_respond_to_integration_request_admin_forbidden" time="0.809" /><testcase classname="backend.tests.test_client_integration_requests_iteration25.TestClientIntegrationRequests" name="test_04_respond_endpoint_uses_post_method" time="0.908" /><testcase classname="backend.tests.test_client_integration_requests_iteration25.TestClientIntegrationRequests" name="test_05_send_message_to_conversation" time="1.059" /><testcase classname="backend.tests.test_client_integration_requests_iteration25.TestClientIntegrationRequests" name="test_06_get_conversation_messages" time="0.692" /><testcase classname="backend.tests.test_client_integration_requests_iteration25.TestClientIntegrationRequests" name="test_07_mark_messages_as_read" time="0.729" /><testcase classname="backend.tests.test_client_integration_requests_iteration25.TestClientIntegrationRequests" name="test_08_upload_document_to_tax_return" time="1.239" /><testcase classname="backend.tests.test_client_integration_requests_iteration25.TestClientIntegrationRequests" name="test_09_upload_document_with_richiesta_id" time="0.747" /><testcase classname="backend.tests.test_client_integration_requests_iteration25.TestClientIntegrationRequests" name="test_10_clients_with_declarations_shows_pending_requests" time="0.687" /><testcase classname="backend.tests.test_client_integration_requests_iteration25.TestFrontendBackendMismatch" name="test_respond_endpoint_accepts_json" time="0.893" /></testsuite></testsuites>