<?xml version="1.0" encoding="utf-8"?><testsuites name="pytest tests"><testsuite name="pytest" errors="0" failures="0" skipped="2" tests="19" time="12.617" timestamp="2026-03-11T15:52:51.320299+00:00" hostname="agent-env-d04a1fb6-ad19-409a-8a5f-bdae3441a1b1"><testcase classname="tests.test_iteration16_features.TestAuthentication" name="test_admin_login_success" time="0.396" /><testcase classname="tests.test_iteration16_features.TestDocumentRename" name="test_admin_rename_document_success" time="0.578"><skipped type="pytest.skip" message="No documents available to rename">/app/backend/tests/test_iteration16_features.py:104: No documents available to rename</skipped></testcase><testcase classname="tests.test_iteration16_features.TestDocumentRename" name="test_rename_document_preserves_extension" time="0.609"><skipped type="pytest.skip" message="No documents to test extension preservation">/app/backend/tests/test_iteration16_features.py:138: No documents to test extension preservation</skipped></testcase><testcase classname="tests.test_iteration16_features.TestDocumentRename" name="test_rename_nonexistent_document" time="0.613" /><testcase classname="tests.test_iteration16_features.TestEmployeeDeletion" name="test_delete_employee_api_exists" time="0.800" /><testcase classname="tests.test_iteration16_features.TestEmployeeDeletion" name="test_admin_can_list_employees" time="0.438" /><testcase classname="tests.test_iteration16_features.TestEmployeeDeletion" name="test_delete_nonexistent_employee" time="0.505" /><testcase classname="tests.test_iteration16_features.TestClientCertificates" name="test_get_client_certificates_endpoint_exists" time="0.583" /><testcase classname="tests.test_iteration16_features.TestClientCertificates" name="test_upload_client_certificate_requires_p12" time="0.648" /><testcase classname="tests.test_iteration16_features.TestClientCertificates" name="test_upload_client_certificate_with_p12" time="0.749" /><testcase classname="tests.test_iteration16_features.TestClientCertificates" name="test_delete_client_certificate" time="0.984" /><testcase classname="tests.test_iteration16_features.TestConsulenteNotifications" name="test_consulenti_list_endpoint" time="0.459" /><testcase classname="tests.test_iteration16_features.TestConsulenteNotifications" name="test_notification_system_exists" time="0.470" /><testcase classname="tests.test_iteration16_features.TestConsulenteNotifications" name="test_notification_count_endpoint" time="0.455" /><testcase classname="tests.test_iteration16_features.TestClienteDocumentRename" name="test_cliente_rename_own_document_workflow" time="0.580" /><testcase classname="tests.test_iteration16_features.TestAPIEndpointVerification" name="test_rename_document_endpoint" time="0.531" /><testcase classname="tests.test_iteration16_features.TestAPIEndpointVerification" name="test_delete_employee_endpoint" time="0.447" /><testcase classname="tests.test_iteration16_features.TestAPIEndpointVerification" name="test_client_certificates_get_endpoint" time="0.681" /><testcase classname="tests.test_iteration16_features.TestAPIEndpointVerification" name="test_client_certificates_post_endpoint" time="2.015" /></testsuite></testsuites>