<?xml version="1.0" encoding="utf-8"?><testsuites name="pytest tests"><testsuite name="pytest" errors="0" failures="0" skipped="0" tests="11" time="4.669" timestamp="2026-03-28T19:52:49.928421+00:00" hostname="agent-env-d04a1fb6-ad19-409a-8a5f-bdae3441a1b1"><testcase classname="backend.tests.test_declarations_iteration22.TestDeclarationsAPI" name="test_get_declaration_types_success" time="0.405" /><testcase classname="backend.tests.test_declarations_iteration22.TestDeclarationsAPI" name="test_get_declaration_types_creates_default" time="0.382" /><testcase classname="backend.tests.test_declarations_iteration22.TestDeclarationsAPI" name="test_get_tax_returns_admin_success" time="0.384" /><testcase classname="backend.tests.test_declarations_iteration22.TestDeclarationsAPI" name="test_get_tax_returns_with_filters" time="0.497" /><testcase classname="backend.tests.test_declarations_iteration22.TestDeclarationsAPI" name="test_admin_cannot_create_tax_return" time="0.382" /><testcase classname="backend.tests.test_declarations_iteration22.TestDeclarationsAPI" name="test_get_authorization_text_requires_valid_return" time="0.430" /><testcase classname="backend.tests.test_declarations_iteration22.TestDeclarationsAPI" name="test_declaration_types_requires_auth" time="0.437" /><testcase classname="backend.tests.test_declarations_iteration22.TestDeclarationsAPI" name="test_tax_returns_requires_auth" time="0.445" /><testcase classname="backend.tests.test_declarations_iteration22.TestDeclarationTypesAdmin" name="test_create_declaration_type_success" time="0.456" /><testcase classname="backend.tests.test_declarations_iteration22.TestDeclarationTypesAdmin" name="test_create_duplicate_type_fails" time="0.415" /><testcase classname="backend.tests.test_declarations_iteration22.TestTaxReturnListItem" name="test_tax_return_list_structure" time="0.378" /></testsuite></testsuites>