<?xml version="1.0" encoding="utf-8"?><testsuites name="pytest tests"><testsuite name="pytest" errors="0" failures="0" skipped="0" tests="13" time="5.398" timestamp="2026-04-19T13:02:19.014068+00:00" hostname="agent-env-d04a1fb6-ad19-409a-8a5f-bdae3441a1b1"><testcase classname="backend.tests.test_declarations_v2_wizard_iteration40.TestDeclarationsV2Wizard" name="test_list_declarations_v2" time="0.482" /><testcase classname="backend.tests.test_declarations_v2_wizard_iteration40.TestDeclarationsV2Wizard" name="test_get_declaration_detail_v2" time="0.265" /><testcase classname="backend.tests.test_declarations_v2_wizard_iteration40.TestDeclarationsV2Wizard" name="test_update_section_dati_personali" time="0.231" /><testcase classname="backend.tests.test_declarations_v2_wizard_iteration40.TestDeclarationsV2Wizard" name="test_mark_section_completed" time="0.219" /><testcase classname="backend.tests.test_declarations_v2_wizard_iteration40.TestDeclarationsV2Wizard" name="test_mark_section_not_applicable" time="0.227" /><testcase classname="backend.tests.test_declarations_v2_wizard_iteration40.TestDeclarationsV2Wizard" name="test_update_invalid_section" time="0.257" /><testcase classname="backend.tests.test_declarations_v2_wizard_iteration40.TestDeclarationsV2Wizard" name="test_sign_declaration_without_terms" time="0.222" /><testcase classname="backend.tests.test_declarations_v2_wizard_iteration40.TestDeclarationsV2Wizard" name="test_sign_declaration_without_signature" time="0.224" /><testcase classname="backend.tests.test_declarations_v2_wizard_iteration40.TestDeclarationsV2Wizard" name="test_submit_unsigned_declaration" time="0.254" /><testcase classname="backend.tests.test_declarations_v2_wizard_iteration40.TestDeclarationsV2Wizard" name="test_get_messages" time="0.212" /><testcase classname="backend.tests.test_declarations_v2_wizard_iteration40.TestDeclarationsV2Wizard" name="test_add_message" time="0.238" /><testcase classname="backend.tests.test_declarations_v2_wizard_iteration40.TestDeclarationsV2Wizard" name="test_completion_percentage_calculation" time="2.371" /><testcase classname="backend.tests.test_declarations_v2_wizard_iteration40.TestDeclarationsV2Wizard" name="test_get_nonexistent_declaration" time="0.125" /></testsuite></testsuites>