<?xml version="1.0" encoding="utf-8"?><testsuites name="pytest tests"><testsuite name="pytest" errors="0" failures="0" skipped="1" tests="10" time="6.824" timestamp="2026-03-29T11:49:53.891181+00:00" hostname="agent-env-d04a1fb6-ad19-409a-8a5f-bdae3441a1b1"><testcase classname="backend.tests.test_company_structure_iteration27.TestCompanyStructureBackend" name="test_get_clients_returns_company_structure_fields" time="0.639" /><testcase classname="backend.tests.test_company_structure_iteration27.TestCompanyStructureBackend" name="test_get_single_client_returns_company_structure_fields" time="0.615" /><testcase classname="backend.tests.test_company_structure_iteration27.TestCompanyStructureBackend" name="test_update_client_tipo_amministrazione" time="1.020" /><testcase classname="backend.tests.test_company_structure_iteration27.TestCompanyStructureBackend" name="test_update_client_company_administrators" time="0.637" /><testcase classname="backend.tests.test_company_structure_iteration27.TestCompanyStructureBackend" name="test_update_client_company_shareholders" time="0.634" /><testcase classname="backend.tests.test_company_structure_iteration27.TestCompanyStructureBackend" name="test_update_client_full_company_structure" time="0.648" /><testcase classname="backend.tests.test_company_structure_iteration27.TestCompanyStructureBackend" name="test_client_self_update_company_structure" time="0.782"><skipped type="pytest.skip" message="Client login failed: {&quot;detail&quot;:&quot;Credenziali non valide&quot;}">/app/backend/tests/test_company_structure_iteration27.py:287: Client login failed: {"detail":"Credenziali non valide"}</skipped></testcase><testcase classname="backend.tests.test_company_structure_iteration27.TestCompanyStructureBackend" name="test_update_empty_administrators_list" time="0.631" /><testcase classname="backend.tests.test_company_structure_iteration27.TestCompanyStructureBackend" name="test_update_empty_shareholders_list" time="0.630" /><testcase classname="backend.tests.test_company_structure_iteration27.TestCompanyStructureBackend" name="test_filter_clients_by_tipo_societa" time="0.509" /></testsuite></testsuites>