<?xml version="1.0" encoding="utf-8"?><testsuites name="pytest tests"><testsuite name="pytest" errors="0" failures="0" skipped="0" tests="14" time="8.546" timestamp="2026-03-28T18:38:49.035719+00:00" hostname="agent-env-d04a1fb6-ad19-409a-8a5f-bdae3441a1b1"><testcase classname="backend.tests.test_fees_iteration20.TestFeesEndpoints" name="test_login_success" time="1.016" /><testcase classname="backend.tests.test_fees_iteration20.TestFeesEndpoints" name="test_get_fees_all" time="0.487" /><testcase classname="backend.tests.test_fees_iteration20.TestFeesEndpoints" name="test_get_fees_summary" time="0.474" /><testcase classname="backend.tests.test_fees_iteration20.TestFeesEndpoints" name="test_get_fees_by_client" time="0.439" /><testcase classname="backend.tests.test_fees_iteration20.TestFeesEndpoints" name="test_get_fees_export_excel" time="0.872" /><testcase classname="backend.tests.test_fees_iteration20.TestFeesEndpoints" name="test_get_fees_export_excel_with_filters" time="0.433" /><testcase classname="backend.tests.test_fees_iteration20.TestFeesEndpoints" name="test_get_fees_export_excel_with_fee_type_filter" time="0.453" /><testcase classname="backend.tests.test_fees_iteration20.TestFeesEndpoints" name="test_get_clients" time="0.435" /><testcase classname="backend.tests.test_fees_iteration20.TestFeesEndpoints" name="test_get_client_fees" time="0.550" /><testcase classname="backend.tests.test_fees_iteration20.TestFeesEndpoints" name="test_get_client_fees_summary" time="0.538" /><testcase classname="backend.tests.test_fees_iteration20.TestFeesEndpoints" name="test_create_fee_with_fee_type" time="0.710" /><testcase classname="backend.tests.test_fees_iteration20.TestFeesEndpoints" name="test_create_iguala_fee" time="0.668" /><testcase classname="backend.tests.test_fees_iteration20.TestFeesEndpoints" name="test_create_pratica_fee_with_due_date" time="0.673" /><testcase classname="backend.tests.test_fees_iteration20.TestFeesEndpoints" name="test_fees_all_filters" time="0.694" /></testsuite></testsuites>