<?xml version="1.0" encoding="utf-8"?><testsuites name="pytest tests"><testsuite name="pytest" errors="0" failures="3" skipped="0" tests="32" time="8.379" timestamp="2026-04-19T14:08:21.427778+00:00" hostname="agent-env-d04a1fb6-ad19-409a-8a5f-bdae3441a1b1"><testcase classname="backend.tests.test_declarations_v2_stability_iteration43.TestAuthAndSetup" name="test_admin_login" time="0.380" /><testcase classname="backend.tests.test_declarations_v2_stability_iteration43.TestAuthAndSetup" name="test_client_login" time="0.349" /><testcase classname="backend.tests.test_declarations_v2_stability_iteration43.TestDeclarationCRUD" name="test_list_declarations" time="0.442" /><testcase classname="backend.tests.test_declarations_v2_stability_iteration43.TestDeclarationCRUD" name="test_get_declaration_detail" time="0.112" /><testcase classname="backend.tests.test_declarations_v2_stability_iteration43.TestDeclarationCRUD" name="test_declaration_not_found" time="0.127" /><testcase classname="backend.tests.test_declarations_v2_stability_iteration43.TestSectionUpdate" name="test_update_dati_personali_section" time="0.451" /><testcase classname="backend.tests.test_declarations_v2_stability_iteration43.TestSectionUpdate" name="test_update_section_with_not_applicable" time="0.122" /><testcase classname="backend.tests.test_declarations_v2_stability_iteration43.TestSectionUpdate" name="test_update_invalid_section" time="0.120" /><testcase classname="backend.tests.test_declarations_v2_stability_iteration43.TestSectionUpdate" name="test_completion_percentage_updates" time="0.202" /><testcase classname="backend.tests.test_declarations_v2_stability_iteration43.TestAdminDashboard" name="test_admin_list_declarations" time="0.437" /><testcase classname="backend.tests.test_declarations_v2_stability_iteration43.TestAdminDashboard" name="test_admin_filter_by_status" time="0.105" /><testcase classname="backend.tests.test_declarations_v2_stability_iteration43.TestAdminDashboard" name="test_admin_search_by_name" time="0.118" /><testcase classname="backend.tests.test_declarations_v2_stability_iteration43.TestAdminDashboard" name="test_admin_stats" time="0.115" /><testcase classname="backend.tests.test_declarations_v2_stability_iteration43.TestAdminDashboard" name="test_admin_view_declaration_detail" time="0.158" /><testcase classname="backend.tests.test_declarations_v2_stability_iteration43.TestStatusManagement" name="test_admin_update_status_simple" time="0.471" /><testcase classname="backend.tests.test_declarations_v2_stability_iteration43.TestStatusManagement" name="test_admin_update_status_with_notification" time="0.688" /><testcase classname="backend.tests.test_declarations_v2_stability_iteration43.TestMessageSystem" name="test_admin_send_message" time="0.447" /><testcase classname="backend.tests.test_declarations_v2_stability_iteration43.TestMessageSystem" name="test_admin_send_integration_request" time="0.108" /><testcase classname="backend.tests.test_declarations_v2_stability_iteration43.TestMessageSystem" name="test_client_send_message" time="0.473" /><testcase classname="backend.tests.test_declarations_v2_stability_iteration43.TestMessageSystem" name="test_get_messages" time="0.171" /><testcase classname="backend.tests.test_declarations_v2_stability_iteration43.TestDocumentManagement" name="test_client_upload_document" time="0.451" /><testcase classname="backend.tests.test_declarations_v2_stability_iteration43.TestDocumentManagement" name="test_list_documents" time="0.109" /><testcase classname="backend.tests.test_declarations_v2_stability_iteration43.TestDocumentManagement" name="test_invalid_file_type_rejected" time="0.109" /><testcase classname="backend.tests.test_declarations_v2_stability_iteration43.TestDocumentManagement" name="test_admin_download_pdf" time="0.530" /><testcase classname="backend.tests.test_declarations_v2_stability_iteration43.TestDocumentManagement" name="test_admin_download_zip" time="0.123" /><testcase classname="backend.tests.test_declarations_v2_stability_iteration43.TestDocumentManagement" name="test_client_cannot_download_admin_pdf" time="0.113" /><testcase classname="backend.tests.test_declarations_v2_stability_iteration43.TestErrorHandling" name="test_unauthorized_access" time="0.106" /><testcase classname="backend.tests.test_declarations_v2_stability_iteration43.TestErrorHandling" name="test_invalid_token" time="0.126" /><testcase classname="backend.tests.test_declarations_v2_stability_iteration43.TestErrorHandling" name="test_malformed_json" time="0.203" /><testcase classname="backend.tests.test_declarations_v2_stability_iteration43.TestErrorHandling" name="test_missing_required_fields" time="0.205"><failure message="assert 401 == 422&#10; +  where 401 = &lt;Response [401]&gt;.status_code">backend/tests/test_declarations_v2_stability_iteration43.py:613: in test_missing_required_fields
    assert response.status_code == 422
E   assert 401 == 422
E    +  where 401 = &lt;Response [401]&gt;.status_code</failure></testcase><testcase classname="backend.tests.test_declarations_v2_stability_iteration43.TestDataPersistence" name="test_client_data_visible_to_admin" time="0.347"><failure message="assert 401 == 200&#10; +  where 401 = &lt;Response [401]&gt;.status_code">backend/tests/test_declarations_v2_stability_iteration43.py:655: in test_client_data_visible_to_admin
    assert response.status_code == 200
E   assert 401 == 200
E    +  where 401 = &lt;Response [401]&gt;.status_code</failure></testcase><testcase classname="backend.tests.test_declarations_v2_stability_iteration43.TestCleanup" name="test_reset_status_to_bozza" time="0.226"><failure message="assert 401 == 200&#10; +  where 401 = &lt;Response [401]&gt;.status_code">backend/tests/test_declarations_v2_stability_iteration43.py:695: in test_reset_status_to_bozza
    assert response.status_code == 200
E   assert 401 == 200
E    +  where 401 = &lt;Response [401]&gt;.status_code</failure></testcase></testsuite></testsuites>