<?xml version="1.0" encoding="utf-8"?><testsuites name="pytest tests"><testsuite name="pytest" errors="0" failures="0" skipped="2" tests="12" time="6.099" timestamp="2026-04-30T21:40:28.853725+00:00" hostname="agent-env-d04a1fb6-ad19-409a-8a5f-bdae3441a1b1"><testcase classname="backend.tests.test_deadline_types_notification_config.TestDeadlineTypesNotificationConfig" name="test_01_get_deadline_types_returns_notification_config" time="0.592" /><testcase classname="backend.tests.test_deadline_types_notification_config.TestDeadlineTypesNotificationConfig" name="test_02_create_deadline_type_with_notification_config" time="0.460" /><testcase classname="backend.tests.test_deadline_types_notification_config.TestDeadlineTypesNotificationConfig" name="test_03_create_deadline_type_with_auto_assign" time="0.618" /><testcase classname="backend.tests.test_deadline_types_notification_config.TestDeadlineTypesNotificationConfig" name="test_04_get_single_deadline_type_with_notification_config" time="0.481" /><testcase classname="backend.tests.test_deadline_types_notification_config.TestDeadlineTypesNotificationConfig" name="test_05_update_deadline_type_notification_config" time="0.519" /><testcase classname="backend.tests.test_deadline_types_notification_config.TestAutoAssignDeadlinesOnClientCreation" name="test_06_create_client_auto_assigns_deadlines" time="0.512" /><testcase classname="backend.tests.test_deadline_types_notification_config.TestAutoAssignDeadlinesOnClientCreation" name="test_07_client_category_change_assigns_new_deadlines" time="1.296" /><testcase classname="backend.tests.test_deadline_types_notification_config.TestAssignDeadlinesToClientEndpoint" name="test_08_assign_deadlines_to_client_endpoint" time="0.479" /><testcase classname="backend.tests.test_deadline_types_notification_config.TestAssignDeadlinesToClientEndpoint" name="test_09_assign_deadlines_to_nonexistent_client" time="0.387" /><testcase classname="backend.tests.test_deadline_types_notification_config.TestSchedulerNotificationConfig" name="test_10_deadline_inherits_notification_config" time="0.193"><skipped type="pytest.skip" message="Admin login failed: 429">/app/backend/tests/test_deadline_types_notification_config.py:444: Admin login failed: 429</skipped></testcase><testcase classname="backend.tests.test_deadline_types_notification_config.TestTaxModels" name="test_11_get_tax_models" time="0.389" /><testcase classname="backend.tests.test_deadline_types_notification_config.TestTaxModels" name="test_12_create_and_delete_tax_model" time="0.098"><skipped type="pytest.skip" message="Admin login failed: 429">/app/backend/tests/test_deadline_types_notification_config.py:499: Admin login failed: 429</skipped></testcase></testsuite></testsuites>