<?xml version="1.0" encoding="utf-8"?><testsuites name="pytest tests"><testsuite name="pytest" errors="0" failures="0" skipped="0" tests="9" time="3.708" timestamp="2026-04-05T07:43:40.250166+00:00" hostname="agent-env-d04a1fb6-ad19-409a-8a5f-bdae3441a1b1"><testcase classname="backend.tests.test_document_folder_categories_iteration36.TestFolderCategoriesAPI" name="test_get_global_folder_categories" time="0.462" /><testcase classname="backend.tests.test_document_folder_categories_iteration36.TestFolderCategoriesAPI" name="test_get_client_folder_categories" time="0.218" /><testcase classname="backend.tests.test_document_folder_categories_iteration36.TestFolderCategoriesAPI" name="test_create_client_specific_category" time="0.330" /><testcase classname="backend.tests.test_document_folder_categories_iteration36.TestFolderCategoriesAPI" name="test_create_duplicate_category_fails" time="0.317" /><testcase classname="backend.tests.test_document_folder_categories_iteration36.TestFolderCategoriesAPI" name="test_direct_document_upload_to_client" time="1.168" /><testcase classname="backend.tests.test_document_folder_categories_iteration36.TestFolderCategoriesAPI" name="test_direct_upload_with_custom_category" time="0.421" /><testcase classname="backend.tests.test_document_folder_categories_iteration36.TestFolderCategoriesAPI" name="test_direct_upload_invalid_client" time="0.108" /><testcase classname="backend.tests.test_document_folder_categories_iteration36.TestFolderCategoriesAPI" name="test_unauthenticated_access_denied" time="0.096" /><testcase classname="backend.tests.test_document_folder_categories_iteration36.TestDocumentPreviewAPI" name="test_get_document_for_preview" time="0.520" /></testsuite></testsuites>