<?xml version="1.0" encoding="utf-8"?><testsuites name="pytest tests"><testsuite name="pytest" errors="0" failures="0" skipped="7" tests="17" time="8.253" timestamp="2026-04-02T15:41:47.825365+00:00" hostname="agent-env-d04a1fb6-ad19-409a-8a5f-bdae3441a1b1"><testcase classname="backend.tests.test_privacy_iteration35.TestPrivacyEndpoints" name="test_get_privacy_consent_unauthenticated" time="0.146" /><testcase classname="backend.tests.test_privacy_iteration35.TestPrivacyEndpoints" name="test_get_privacy_consent_authenticated" time="0.688" /><testcase classname="backend.tests.test_privacy_iteration35.TestPrivacyEndpoints" name="test_post_privacy_consent_unauthenticated" time="0.104" /><testcase classname="backend.tests.test_privacy_iteration35.TestPrivacyEndpoints" name="test_post_privacy_consent_accept" time="0.680" /><testcase classname="backend.tests.test_privacy_iteration35.TestPrivacyEndpoints" name="test_post_privacy_consent_revoke" time="0.708" /><testcase classname="backend.tests.test_privacy_iteration35.TestPrivacyEndpoints" name="test_get_privacy_requests_unauthenticated" time="0.114" /><testcase classname="backend.tests.test_privacy_iteration35.TestPrivacyEndpoints" name="test_get_privacy_requests_authenticated" time="0.169"><skipped type="pytest.skip" message="Admin login failed: 429 - {&quot;error&quot;:&quot;Rate limit exceeded: 5 per 1 minute&quot;}">/app/backend/tests/test_privacy_iteration35.py:36: Admin login failed: 429 - {"error":"Rate limit exceeded: 5 per 1 minute"}</skipped></testcase><testcase classname="backend.tests.test_privacy_iteration35.TestPrivacyEndpoints" name="test_post_privacy_request_unauthenticated" time="0.127" /><testcase classname="backend.tests.test_privacy_iteration35.TestPrivacyEndpoints" name="test_post_privacy_request_access" time="0.475"><skipped type="pytest.skip" message="Could not create test client: 405 - {&quot;detail&quot;:&quot;Method Not Allowed&quot;}">/app/backend/tests/test_privacy_iteration35.py:71: Could not create test client: 405 - {"detail":"Method Not Allowed"}</skipped></testcase><testcase classname="backend.tests.test_privacy_iteration35.TestPrivacyEndpoints" name="test_post_privacy_request_erasure" time="0.104"><skipped type="pytest.skip" message="Admin login failed: 429 - {&quot;error&quot;:&quot;Rate limit exceeded: 5 per 1 minute&quot;}">/app/backend/tests/test_privacy_iteration35.py:36: Admin login failed: 429 - {"error":"Rate limit exceeded: 5 per 1 minute"}</skipped></testcase><testcase classname="backend.tests.test_privacy_iteration35.TestPrivacyEndpoints" name="test_post_privacy_request_all_types" time="4.197" /><testcase classname="backend.tests.test_privacy_iteration35.TestPrivacyEndpoints" name="test_get_admin_requests_unauthenticated" time="0.128" /><testcase classname="backend.tests.test_privacy_iteration35.TestPrivacyEndpoints" name="test_get_admin_requests_non_admin" time="0.112"><skipped type="pytest.skip" message="Admin login failed: 429 - {&quot;error&quot;:&quot;Rate limit exceeded: 5 per 1 minute&quot;}">/app/backend/tests/test_privacy_iteration35.py:36: Admin login failed: 429 - {"error":"Rate limit exceeded: 5 per 1 minute"}</skipped></testcase><testcase classname="backend.tests.test_privacy_iteration35.TestPrivacyEndpoints" name="test_get_admin_requests_admin" time="0.121"><skipped type="pytest.skip" message="Admin login failed: 429 - {&quot;error&quot;:&quot;Rate limit exceeded: 5 per 1 minute&quot;}">/app/backend/tests/test_privacy_iteration35.py:36: Admin login failed: 429 - {"error":"Rate limit exceeded: 5 per 1 minute"}</skipped></testcase><testcase classname="backend.tests.test_privacy_iteration35.TestPrivacyEndpoints" name="test_get_admin_consent_stats_unauthenticated" time="0.104" /><testcase classname="backend.tests.test_privacy_iteration35.TestPrivacyEndpoints" name="test_get_admin_consent_stats_non_admin" time="0.104"><skipped type="pytest.skip" message="Admin login failed: 429 - {&quot;error&quot;:&quot;Rate limit exceeded: 5 per 1 minute&quot;}">/app/backend/tests/test_privacy_iteration35.py:36: Admin login failed: 429 - {"error":"Rate limit exceeded: 5 per 1 minute"}</skipped></testcase><testcase classname="backend.tests.test_privacy_iteration35.TestPrivacyEndpoints" name="test_get_admin_consent_stats_admin" time="0.108"><skipped type="pytest.skip" message="Admin login failed: 429 - {&quot;error&quot;:&quot;Rate limit exceeded: 5 per 1 minute&quot;}">/app/backend/tests/test_privacy_iteration35.py:36: Admin login failed: 429 - {"error":"Rate limit exceeded: 5 per 1 minute"}</skipped></testcase></testsuite></testsuites>