<?xml version="1.0" encoding="utf-8"?><testsuites name="pytest tests"><testsuite name="pytest" errors="0" failures="0" skipped="0" tests="17" time="11.425" timestamp="2026-03-29T11:30:22.883247+00:00" hostname="agent-env-d04a1fb6-ad19-409a-8a5f-bdae3441a1b1"><testcase classname="backend.tests.test_status_delete_iteration26.TestStatusAndDeleteFeatures" name="test_update_status_to_bozza" time="0.789" /><testcase classname="backend.tests.test_status_delete_iteration26.TestStatusAndDeleteFeatures" name="test_update_status_to_inviata" time="1.089" /><testcase classname="backend.tests.test_status_delete_iteration26.TestStatusAndDeleteFeatures" name="test_update_status_to_documentazione_incompleta" time="0.624" /><testcase classname="backend.tests.test_status_delete_iteration26.TestStatusAndDeleteFeatures" name="test_update_status_to_in_revisione" time="0.641" /><testcase classname="backend.tests.test_status_delete_iteration26.TestStatusAndDeleteFeatures" name="test_update_status_to_pronta" time="0.630" /><testcase classname="backend.tests.test_status_delete_iteration26.TestStatusAndDeleteFeatures" name="test_update_status_to_presentata" time="0.615" /><testcase classname="backend.tests.test_status_delete_iteration26.TestStatusAndDeleteFeatures" name="test_update_status_to_errata" time="0.643" /><testcase classname="backend.tests.test_status_delete_iteration26.TestStatusAndDeleteFeatures" name="test_update_status_to_non_presentare" time="0.632" /><testcase classname="backend.tests.test_status_delete_iteration26.TestStatusAndDeleteFeatures" name="test_update_status_to_archiviata" time="0.634" /><testcase classname="backend.tests.test_status_delete_iteration26.TestStatusAndDeleteFeatures" name="test_update_status_with_motivo" time="0.657" /><testcase classname="backend.tests.test_status_delete_iteration26.TestStatusAndDeleteFeatures" name="test_update_status_invalid_state" time="0.641" /><testcase classname="backend.tests.test_status_delete_iteration26.TestStatusAndDeleteFeatures" name="test_update_status_nonexistent_declaration" time="0.614" /><testcase classname="backend.tests.test_status_delete_iteration26.TestStatusAndDeleteFeatures" name="test_verify_status_persisted" time="0.747" /><testcase classname="backend.tests.test_status_delete_iteration26.TestSoftDeleteFeature" name="test_soft_delete_declaration" time="0.723" /><testcase classname="backend.tests.test_status_delete_iteration26.TestSoftDeleteFeature" name="test_soft_delete_nonexistent_declaration" time="0.621" /><testcase classname="backend.tests.test_status_delete_iteration26.TestClientPermissions" name="test_client_cannot_change_status_arbitrarily" time="0.536" /><testcase classname="backend.tests.test_status_delete_iteration26.TestClientPermissions" name="test_client_cannot_delete_non_bozza" time="0.521" /></testsuite></testsuites>