<?xml version="1.0" encoding="utf-8"?><testsuites name="pytest tests"><testsuite name="pytest" errors="0" failures="0" skipped="0" tests="13" time="3.215" timestamp="2026-04-13T22:31:45.804875+00:00" hostname="agent-env-d04a1fb6-ad19-409a-8a5f-bdae3441a1b1"><testcase classname="backend.tests.test_wizard_iteration39.TestWizardAPI" name="test_update_section_statuses" time="0.734" /><testcase classname="backend.tests.test_wizard_iteration39.TestWizardAPI" name="test_get_tax_return_with_section_statuses" time="0.133" /><testcase classname="backend.tests.test_wizard_iteration39.TestWizardAPI" name="test_update_datos_personales_section" time="0.124" /><testcase classname="backend.tests.test_wizard_iteration39.TestWizardAPI" name="test_update_situacion_familiar_not_applicable" time="0.152" /><testcase classname="backend.tests.test_wizard_iteration39.TestWizardAPI" name="test_update_rentas_trabajo_section" time="0.123" /><testcase classname="backend.tests.test_wizard_iteration39.TestWizardAPI" name="test_update_autonomo_not_applicable" time="0.104" /><testcase classname="backend.tests.test_wizard_iteration39.TestWizardAPI" name="test_update_inmuebles_section" time="0.126" /><testcase classname="backend.tests.test_wizard_iteration39.TestWizardAPI" name="test_update_criptomonedas_not_applicable" time="0.118" /><testcase classname="backend.tests.test_wizard_iteration39.TestWizardAPI" name="test_invalid_section_name" time="0.145" /><testcase classname="backend.tests.test_wizard_iteration39.TestWizardAPI" name="test_unauthorized_access" time="0.457" /><testcase classname="backend.tests.test_wizard_iteration39.TestWizardAPI" name="test_verify_all_sections_persisted" time="0.109" /><testcase classname="backend.tests.test_wizard_iteration39.TestWizardNavigation" name="test_get_declaration_types" time="0.453" /><testcase classname="backend.tests.test_wizard_iteration39.TestWizardNavigation" name="test_get_authorization_text" time="0.243" /></testsuite></testsuites>