<?xml version="1.0" encoding="utf-8"?><testsuites name="pytest tests"><testsuite name="pytest" errors="0" failures="0" skipped="3" tests="14" time="6.164" timestamp="2026-04-19T13:21:10.340873+00:00" hostname="agent-env-d04a1fb6-ad19-409a-8a5f-bdae3441a1b1"><testcase classname="backend.tests.test_admin_declarations_dashboard_iteration41.TestAdminLogin" name="test_admin_login_success" time="0.530" /><testcase classname="backend.tests.test_admin_declarations_dashboard_iteration41.TestAdminDeclarationsList" name="test_get_declarations_list" time="0.517" /><testcase classname="backend.tests.test_admin_declarations_dashboard_iteration41.TestAdminDeclarationsList" name="test_filter_by_status" time="0.514" /><testcase classname="backend.tests.test_admin_declarations_dashboard_iteration41.TestAdminDeclarationsList" name="test_filter_by_year" time="0.459" /><testcase classname="backend.tests.test_admin_declarations_dashboard_iteration41.TestAdminDeclarationsList" name="test_search_by_text" time="0.437" /><testcase classname="backend.tests.test_admin_declarations_dashboard_iteration41.TestAdminDeclarationsList" name="test_combined_filters" time="0.473" /><testcase classname="backend.tests.test_admin_declarations_dashboard_iteration41.TestAdminStats" name="test_get_stats" time="0.504" /><testcase classname="backend.tests.test_admin_declarations_dashboard_iteration41.TestAdminStatusChange" name="test_change_status_to_in_revisione" time="0.840" /><testcase classname="backend.tests.test_admin_declarations_dashboard_iteration41.TestAdminStatusChange" name="test_change_status_with_note" time="0.103"><skipped type="pytest.skip" message="Admin login failed">/app/backend/tests/test_admin_declarations_dashboard_iteration41.py:231: Admin login failed</skipped></testcase><testcase classname="backend.tests.test_admin_declarations_dashboard_iteration41.TestAdminMessages" name="test_send_message" time="0.611" /><testcase classname="backend.tests.test_admin_declarations_dashboard_iteration41.TestAdminMessages" name="test_send_integration_request" time="0.100"><skipped type="pytest.skip" message="Admin login failed">/app/backend/tests/test_admin_declarations_dashboard_iteration41.py:309: Admin login failed</skipped></testcase><testcase classname="backend.tests.test_admin_declarations_dashboard_iteration41.TestAdminMessages" name="test_get_messages" time="0.130"><skipped type="pytest.skip" message="Admin login failed">/app/backend/tests/test_admin_declarations_dashboard_iteration41.py:343: Admin login failed</skipped></testcase><testcase classname="backend.tests.test_admin_declarations_dashboard_iteration41.TestAccessControl" name="test_admin_endpoints_require_auth" time="0.227" /><testcase classname="backend.tests.test_admin_declarations_dashboard_iteration41.TestAccessControl" name="test_client_cannot_access_admin_endpoints" time="0.535" /></testsuite></testsuites>