<?xml version="1.0" encoding="utf-8"?><testsuites name="pytest tests"><testsuite name="pytest" errors="0" failures="0" skipped="0" tests="14" time="12.271" timestamp="2026-03-09T23:17:10.795080+00:00" hostname="agent-env-d04a1fb6-ad19-409a-8a5f-bdae3441a1b1"><testcase classname="backend.tests.test_iteration5_features.TestHealthCheck" name="test_api_accessible" time="0.246" /><testcase classname="backend.tests.test_iteration5_features.TestClientAnagraficaExtended" name="test_get_clients_returns_extended_fields" time="0.512" /><testcase classname="backend.tests.test_iteration5_features.TestClientAnagraficaExtended" name="test_create_test_client_for_update" time="1.060" /><testcase classname="backend.tests.test_iteration5_features.TestClientAnagraficaExtended" name="test_update_client_with_extended_fields" time="0.397" /><testcase classname="backend.tests.test_iteration5_features.TestClientAnagraficaExtended" name="test_update_client_tipo_cliente" time="0.431" /><testcase classname="backend.tests.test_iteration5_features.TestClientArchive" name="test_archive_client" time="0.471" /><testcase classname="backend.tests.test_iteration5_features.TestClientLists" name="test_get_client_lists" time="0.106" /><testcase classname="backend.tests.test_iteration5_features.TestClientLists" name="test_create_client_list" time="0.151" /><testcase classname="backend.tests.test_iteration5_features.TestClientLists" name="test_add_client_to_list" time="0.355" /><testcase classname="backend.tests.test_iteration5_features.TestClientLists" name="test_remove_client_from_list" time="0.355" /><testcase classname="backend.tests.test_iteration5_features.TestClientLists" name="test_send_notification_to_list" time="0.269" /><testcase classname="backend.tests.test_iteration5_features.TestBatchUpload" name="test_upload_batch_endpoint_exists" time="0.111" /><testcase classname="backend.tests.test_iteration5_features.TestBatchUpload" name="test_upload_batch_with_test_file" time="7.379" /><testcase classname="backend.tests.test_iteration5_features.TestDeleteClientList" name="test_delete_test_lists" time="0.358" /></testsuite></testsuites>