<?xml version="1.0" encoding="utf-8"?><testsuites name="pytest tests"><testsuite name="pytest" errors="0" failures="0" skipped="0" tests="10" time="2.511" timestamp="2026-04-02T15:19:22.886506+00:00" hostname="agent-env-d04a1fb6-ad19-409a-8a5f-bdae3441a1b1"><testcase classname="backend.tests.test_declaration_fee_iteration34.TestDeclarationFeeEndpoints" name="test_get_declaration_returns_fee_fields" time="0.571" /><testcase classname="backend.tests.test_declaration_fee_iteration34.TestDeclarationFeeEndpoints" name="test_put_fee_with_igic_7_calculation" time="0.114" /><testcase classname="backend.tests.test_declaration_fee_iteration34.TestDeclarationFeeEndpoints" name="test_put_fee_with_iva_21_calculation" time="0.128" /><testcase classname="backend.tests.test_declaration_fee_iteration34.TestDeclarationFeeEndpoints" name="test_put_fee_with_esente_calculation" time="0.127" /><testcase classname="backend.tests.test_declaration_fee_iteration34.TestDeclarationFeeEndpoints" name="test_put_fee_with_iva_22_calculation" time="0.129" /><testcase classname="backend.tests.test_declaration_fee_iteration34.TestDeclarationFeeEndpoints" name="test_get_fee_endpoint" time="0.121" /><testcase classname="backend.tests.test_declaration_fee_iteration34.TestDeclarationFeeEndpoints" name="test_post_fee_notify_sends_email" time="0.708" /><testcase classname="backend.tests.test_declaration_fee_iteration34.TestDeclarationFeeEndpoints" name="test_put_fee_mark_paid" time="0.266" /><testcase classname="backend.tests.test_declaration_fee_iteration34.TestDeclarationFeeEndpoints" name="test_fee_requires_admin_auth" time="0.113" /><testcase classname="backend.tests.test_declaration_fee_iteration34.TestDeclarationFeeEndpoints" name="test_restore_original_fee" time="0.113" /></testsuite></testsuites>