<?xml version="1.0" encoding="utf-8"?><testsuites name="pytest tests"><testsuite name="pytest" errors="0" failures="0" skipped="10" tests="22" time="7.533" timestamp="2026-04-12T17:57:27.958494+00:00" hostname="agent-env-d04a1fb6-ad19-409a-8a5f-bdae3441a1b1"><testcase classname="backend.tests.test_backend_api_iteration38.TestAPIHealth" name="test_api_root_responds" time="0.303" /><testcase classname="backend.tests.test_backend_api_iteration38.TestAuthLogin" name="test_client_login_success" time="0.361" /><testcase classname="backend.tests.test_backend_api_iteration38.TestAuthLogin" name="test_admin_login_success" time="0.353" /><testcase classname="backend.tests.test_backend_api_iteration38.TestAuthLogin" name="test_login_invalid_credentials" time="0.133" /><testcase classname="backend.tests.test_backend_api_iteration38.TestAuthMe" name="test_get_current_user" time="0.465" /><testcase classname="backend.tests.test_backend_api_iteration38.TestDocumentsAPI" name="test_get_documents_as_client" time="0.440" /><testcase classname="backend.tests.test_backend_api_iteration38.TestDocumentsAPI" name="test_get_documents_as_admin" time="0.445" /><testcase classname="backend.tests.test_backend_api_iteration38.TestDocumentsAPI" name="test_documents_search" time="2.481" /><testcase classname="backend.tests.test_backend_api_iteration38.TestDeadlinesAPI" name="test_get_deadlines_as_client" time="0.448" /><testcase classname="backend.tests.test_backend_api_iteration38.TestDeadlinesAPI" name="test_get_deadlines_as_admin" time="0.470" /><testcase classname="backend.tests.test_backend_api_iteration38.TestNotificationsAPI" name="test_get_notification_types" time="0.456" /><testcase classname="backend.tests.test_backend_api_iteration38.TestNotificationsAPI" name="test_get_notification_history" time="0.101" /><testcase classname="backend.tests.test_backend_api_iteration38.TestNotificationsAPI" name="test_get_my_notifications_history_as_client" time="0.105"><skipped type="pytest.skip" message="Could not login as client">/app/backend/tests/test_backend_api_iteration38.py:286: Could not login as client</skipped></testcase><testcase classname="backend.tests.test_backend_api_iteration38.TestCommunicationsAPI" name="test_get_threads_as_client" time="0.121"><skipped type="pytest.skip" message="Could not login as client">/app/backend/tests/test_backend_api_iteration38.py:323: Could not login as client</skipped></testcase><testcase classname="backend.tests.test_backend_api_iteration38.TestCommunicationsAPI" name="test_get_threads_as_admin" time="0.103"><skipped type="pytest.skip" message="Could not get admin token">/app/backend/tests/test_backend_api_iteration38.py:343: Could not get admin token</skipped></testcase><testcase classname="backend.tests.test_backend_api_iteration38.TestClientsAPI" name="test_get_clients_list" time="0.107"><skipped type="pytest.skip" message="Could not get admin token">/app/backend/tests/test_backend_api_iteration38.py:370: Could not get admin token</skipped></testcase><testcase classname="backend.tests.test_backend_api_iteration38.TestClientsAPI" name="test_get_client_detail" time="0.000"><skipped type="pytest.skip" message="Could not get admin token">/app/backend/tests/test_backend_api_iteration38.py:388: Could not get admin token</skipped></testcase><testcase classname="backend.tests.test_backend_api_iteration38.TestModelliTributariAPI" name="test_get_modelli_tributari" time="0.110"><skipped type="pytest.skip" message="Could not get admin token">/app/backend/tests/test_backend_api_iteration38.py:428: Could not get admin token</skipped></testcase><testcase classname="backend.tests.test_backend_api_iteration38.TestPushTokensAPI" name="test_register_push_token" time="0.117"><skipped type="pytest.skip" message="Could not login as client">/app/backend/tests/test_backend_api_iteration38.py:458: Could not login as client</skipped></testcase><testcase classname="backend.tests.test_backend_api_iteration38.TestPushTokensAPI" name="test_get_push_token_status" time="0.113"><skipped type="pytest.skip" message="Could not login as client">/app/backend/tests/test_backend_api_iteration38.py:482: Could not login as client</skipped></testcase><testcase classname="backend.tests.test_backend_api_iteration38.TestDeclarationsAPI" name="test_get_declarations_as_client" time="0.125"><skipped type="pytest.skip" message="Could not login as client">/app/backend/tests/test_backend_api_iteration38.py:517: Could not login as client</skipped></testcase><testcase classname="backend.tests.test_backend_api_iteration38.TestDeclarationsAPI" name="test_get_tax_returns_as_admin" time="0.116"><skipped type="pytest.skip" message="Could not get admin token">/app/backend/tests/test_backend_api_iteration38.py:532: Could not get admin token</skipped></testcase></testsuite></testsuites>