<?xml version="1.0" encoding="utf-8"?><testsuites name="pytest tests"><testsuite name="pytest" errors="0" failures="0" skipped="0" tests="14" time="15.167" timestamp="2026-03-10T13:20:14.547258+00:00" hostname="agent-env-d04a1fb6-ad19-409a-8a5f-bdae3441a1b1"><testcase classname="backend.tests.test_invitation_flow_refactored.TestInvitationFlowRefactored" name="test_invite_client_creates_invitation_record" time="1.064" /><testcase classname="backend.tests.test_invitation_flow_refactored.TestInvitationFlowRefactored" name="test_get_pending_invitations" time="0.486" /><testcase classname="backend.tests.test_invitation_flow_refactored.TestInvitationFlowRefactored" name="test_invitation_appears_in_list_after_creation" time="1.043" /><testcase classname="backend.tests.test_invitation_flow_refactored.TestInvitationFlowRefactored" name="test_resend_invite_uses_invite_id" time="1.510" /><testcase classname="backend.tests.test_invitation_flow_refactored.TestInvitationFlowRefactored" name="test_resend_invite_invalid_id_returns_404" time="0.531" /><testcase classname="backend.tests.test_invitation_flow_refactored.TestInvitationFlowRefactored" name="test_complete_registration_with_custom_email" time="1.855" /><testcase classname="backend.tests.test_invitation_flow_refactored.TestInvitationFlowRefactored" name="test_complete_registration_fails_with_used_token" time="1.797" /><testcase classname="backend.tests.test_invitation_flow_refactored.TestInvitationFlowRefactored" name="test_complete_registration_invalid_token" time="0.592" /><testcase classname="backend.tests.test_invitation_flow_refactored.TestInvitationFlowRefactored" name="test_client_can_login_after_registration" time="2.228" /><testcase classname="backend.tests.test_invitation_flow_refactored.TestInvitationFlowRefactored" name="test_resend_fails_for_completed_invitation" time="1.977" /><testcase classname="backend.tests.test_invitation_flow_refactored.TestInvitationEndpointValidation" name="test_invite_requires_email" time="0.510" /><testcase classname="backend.tests.test_invitation_flow_refactored.TestInvitationEndpointValidation" name="test_invite_validates_email_format" time="0.482" /><testcase classname="backend.tests.test_invitation_flow_refactored.TestInvitationEndpointValidation" name="test_invite_requires_auth" time="0.485" /><testcase classname="backend.tests.test_invitation_flow_refactored.TestInvitationEndpointValidation" name="test_complete_registration_validates_password_length" time="0.546" /></testsuite></testsuites>