<?xml version="1.0" encoding="utf-8"?><testsuites name="pytest tests"><testsuite name="pytest" errors="0" failures="0" skipped="6" tests="15" time="5.350" timestamp="2026-04-10T10:18:57.218391+00:00" hostname="agent-env-d04a1fb6-ad19-409a-8a5f-bdae3441a1b1"><testcase classname="backend.tests.test_critical_features_iteration37.TestAuthentication" name="test_admin_login" time="0.358" /><testcase classname="backend.tests.test_critical_features_iteration37.TestAuthentication" name="test_client_login" time="0.324" /><testcase classname="backend.tests.test_critical_features_iteration37.TestDocuments" name="test_get_clients_list" time="0.426" /><testcase classname="backend.tests.test_critical_features_iteration37.TestDocuments" name="test_get_client_documents_by_folder" time="0.518" /><testcase classname="backend.tests.test_critical_features_iteration37.TestDocuments" name="test_get_document_by_id" time="1.252" /><testcase classname="backend.tests.test_critical_features_iteration37.TestNotifications" name="test_get_notification_types" time="0.415" /><testcase classname="backend.tests.test_critical_features_iteration37.TestNotifications" name="test_send_notification_to_all" time="0.103"><skipped type="pytest.skip" message="Admin authentication failed">/app/backend/tests/test_critical_features_iteration37.py:156: Admin authentication failed</skipped></testcase><testcase classname="backend.tests.test_critical_features_iteration37.TestNotifications" name="test_get_notification_history" time="0.098"><skipped type="pytest.skip" message="Admin authentication failed">/app/backend/tests/test_critical_features_iteration37.py:174: Admin authentication failed</skipped></testcase><testcase classname="backend.tests.test_critical_features_iteration37.TestDeclarations" name="test_get_declaration_types" time="0.429" /><testcase classname="backend.tests.test_critical_features_iteration37.TestDeclarations" name="test_get_tax_returns_admin" time="0.425" /><testcase classname="backend.tests.test_critical_features_iteration37.TestDeclarations" name="test_get_tax_returns_client" time="0.100"><skipped type="pytest.skip" message="Client authentication failed">/app/backend/tests/test_critical_features_iteration37.py:205: Client authentication failed</skipped></testcase><testcase classname="backend.tests.test_critical_features_iteration37.TestDeclarations" name="test_get_declaration_detail" time="0.528" /><testcase classname="backend.tests.test_critical_features_iteration37.TestFolderCategories" name="test_get_global_folder_categories" time="0.097"><skipped type="pytest.skip" message="Admin authentication failed">/app/backend/tests/test_critical_features_iteration37.py:237: Admin authentication failed</skipped></testcase><testcase classname="backend.tests.test_critical_features_iteration37.TestFolderCategories" name="test_get_client_folder_categories" time="0.125"><skipped type="pytest.skip" message="Admin authentication failed">/app/backend/tests/test_critical_features_iteration37.py:246: Admin authentication failed</skipped></testcase><testcase classname="backend.tests.test_critical_features_iteration37.TestClientDeclarationAccess" name="test_client_can_access_own_declarations" time="0.093"><skipped type="pytest.skip" message="Client authentication failed">/app/backend/tests/test_critical_features_iteration37.py:268: Client authentication failed</skipped></testcase></testsuite></testsuites>