<?xml version="1.0" encoding="utf-8"?><testsuites name="pytest tests"><testsuite name="pytest" errors="0" failures="0" skipped="0" tests="15" time="16.489" timestamp="2026-03-10T13:40:03.697976+00:00" hostname="agent-env-d04a1fb6-ad19-409a-8a5f-bdae3441a1b1"><testcase classname="tests.test_iteration10_new_features.TestBankEntities" name="test_get_bank_entities_returns_predefined" time="0.696" /><testcase classname="tests.test_iteration10_new_features.TestBankEntities" name="test_create_custom_bank_entity" time="0.872" /><testcase classname="tests.test_iteration10_new_features.TestBankEntities" name="test_create_duplicate_bank_entity_fails" time="0.477" /><testcase classname="tests.test_iteration10_new_features.TestBankEntities" name="test_cannot_delete_predefined_bank" time="0.604" /><testcase classname="tests.test_iteration10_new_features.TestClientBankCredentials" name="test_add_bank_credential_to_client" time="2.597" /><testcase classname="tests.test_iteration10_new_features.TestClientBankCredentials" name="test_get_client_bank_credentials" time="2.285" /><testcase classname="tests.test_iteration10_new_features.TestClientAdditionalEmails" name="test_add_additional_email_to_client" time="0.804" /><testcase classname="tests.test_iteration10_new_features.TestClientAdditionalEmails" name="test_cannot_add_duplicate_email" time="0.569" /><testcase classname="tests.test_iteration10_new_features.TestConsulenteDelLavoro" name="test_create_consulente" time="0.812" /><testcase classname="tests.test_iteration10_new_features.TestConsulenteDelLavoro" name="test_get_consulenti_list" time="0.456" /><testcase classname="tests.test_iteration10_new_features.TestConsulenteDelLavoro" name="test_assign_clients_to_consulente" time="1.129" /><testcase classname="tests.test_iteration10_new_features.TestConsulenteLogin" name="test_consulente_can_login" time="1.279" /><testcase classname="tests.test_iteration10_new_features.TestConsulenteLogin" name="test_consulente_gets_clients" time="1.467" /><testcase classname="tests.test_iteration10_new_features.TestConsulenteLogin" name="test_consulente_gets_stats" time="1.589" /><testcase classname="tests.test_iteration10_new_features.TestClientTypeFilter" name="test_filter_clients_by_tipo" time="0.724" /></testsuite></testsuites>