<?xml version="1.0" encoding="utf-8"?><testsuites name="pytest tests"><testsuite name="pytest" errors="0" failures="0" skipped="0" tests="10" time="2.904" timestamp="2026-03-12T13:48:13.099011+00:00" hostname="agent-env-d04a1fb6-ad19-409a-8a5f-bdae3441a1b1"><testcase classname="backend.tests.test_document_preview.TestDocumentPreviewAPI" name="test_preview_endpoint_exists" time="0.849" /><testcase classname="backend.tests.test_document_preview.TestDocumentPreviewAPI" name="test_preview_returns_inline_content_disposition" time="0.212" /><testcase classname="backend.tests.test_document_preview.TestDocumentPreviewAPI" name="test_preview_returns_correct_content_type_pdf" time="0.264" /><testcase classname="backend.tests.test_document_preview.TestDocumentPreviewAPI" name="test_preview_returns_binary_content" time="0.198" /><testcase classname="backend.tests.test_document_preview.TestDocumentPreviewAPI" name="test_preview_requires_token" time="0.120" /><testcase classname="backend.tests.test_document_preview.TestDocumentPreviewAPI" name="test_preview_invalid_token" time="0.144" /><testcase classname="backend.tests.test_document_preview.TestDocumentPreviewAPI" name="test_preview_expired_token" time="0.146" /><testcase classname="backend.tests.test_document_preview.TestDocumentPreviewAPI" name="test_preview_nonexistent_document" time="0.109" /><testcase classname="backend.tests.test_document_preview.TestDocumentPreviewAPI" name="test_preview_caching_headers" time="0.192" /><testcase classname="backend.tests.test_document_preview.TestClientDocumentPreviewAccess" name="test_admin_can_preview_any_document" time="0.617" /></testsuite></testsuites>