<?xml version="1.0" encoding="utf-8"?><testsuites name="pytest tests"><testsuite name="pytest" errors="0" failures="0" skipped="0" tests="14" time="24.367" timestamp="2026-03-09T22:36:19.108958+00:00" hostname="agent-env-d04a1fb6-ad19-409a-8a5f-bdae3441a1b1"><testcase classname="backend.tests.test_fase3_features.TestAuthAndSetup" name="test_api_health" time="0.277" /><testcase classname="backend.tests.test_fase3_features.TestAuthAndSetup" name="test_commercialista_login" time="0.348" /><testcase classname="backend.tests.test_fase3_features.TestChatbotAI" name="test_chat_endpoint_exists" time="3.659" /><testcase classname="backend.tests.test_fase3_features.TestChatbotAI" name="test_chat_basic_response" time="6.499" /><testcase classname="backend.tests.test_fase3_features.TestChatbotAI" name="test_chat_fiscal_question" time="7.844" /><testcase classname="backend.tests.test_fase3_features.TestEmailNotifications" name="test_send_note_notification_endpoint" time="1.117" /><testcase classname="backend.tests.test_fase3_features.TestEmailNotifications" name="test_send_document_notification_endpoint" time="0.602" /><testcase classname="backend.tests.test_fase3_features.TestEmailNotifications" name="test_notifications_history_endpoint" time="0.122" /><testcase classname="backend.tests.test_fase3_features.TestDeadlinesWithNotifications" name="test_get_deadlines" time="0.506" /><testcase classname="backend.tests.test_fase3_features.TestDeadlinesWithNotifications" name="test_create_deadline_without_notification" time="0.362" /><testcase classname="backend.tests.test_fase3_features.TestDeadlinesWithNotifications" name="test_create_deadline_with_notification" time="0.760" /><testcase classname="backend.tests.test_fase3_features.TestDeadlinesWithNotifications" name="test_send_deadline_reminder" time="0.806" /><testcase classname="backend.tests.test_fase3_features.TestWelcomeEmailOnRegistration" name="test_registration_triggers_welcome_email" time="0.832" /><testcase classname="backend.tests.test_fase3_features.TestModelloTributari" name="test_modelli_tributari_list" time="0.515" /></testsuite></testsuites>