<?xml version="1.0" encoding="utf-8"?><testsuites name="pytest tests"><testsuite name="pytest" errors="0" failures="0" skipped="0" tests="11" time="6.071" timestamp="2026-03-28T21:14:24.650805+00:00" hostname="agent-env-d04a1fb6-ad19-409a-8a5f-bdae3441a1b1"><testcase classname="tests.test_declarations_iteration24.TestDeclarationsAdminView" name="test_login_admin" time="0.458" /><testcase classname="tests.test_declarations_iteration24.TestDeclarationsAdminView" name="test_get_clients_with_declarations" time="0.481" /><testcase classname="tests.test_declarations_iteration24.TestDeclarationsAdminView" name="test_get_clients_with_declarations_search_filter" time="0.135" /><testcase classname="tests.test_declarations_iteration24.TestDeclarationsAdminView" name="test_get_tax_returns_list" time="0.115" /><testcase classname="tests.test_declarations_iteration24.TestDeclarationsAdminView" name="test_get_tax_return_detail" time="0.252" /><testcase classname="tests.test_declarations_iteration24.TestDeclarationsAdminView" name="test_post_message_to_declaration" time="0.835" /><testcase classname="tests.test_declarations_iteration24.TestDeclarationsAdminView" name="test_mark_messages_as_read" time="0.234" /><testcase classname="tests.test_declarations_iteration24.TestDeclarationsAdminView" name="test_get_clients_with_pending_requests_filter" time="0.103" /><testcase classname="tests.test_declarations_iteration24.TestDeclarationsAdminView" name="test_get_tax_returns_by_client" time="0.234" /><testcase classname="tests.test_declarations_iteration24.TestDeclarationsAdminView" name="test_declaration_types" time="0.119" /><testcase classname="tests.test_declarations_iteration24.TestDeclarationsIntegrationRequests" name="test_create_integration_request" time="3.023" /></testsuite></testsuites>