<?xml version="1.0" encoding="utf-8"?><testsuites name="pytest tests"><testsuite name="pytest" errors="0" failures="0" skipped="0" tests="15" time="6.854" timestamp="2026-03-29T13:23:28.140221+00:00" hostname="agent-env-d04a1fb6-ad19-409a-8a5f-bdae3441a1b1"><testcase classname="backend.tests.test_admin_management_iteration28.TestSuperAdminLogin" name="test_super_admin_1_login_francesco" time="0.556" /><testcase classname="backend.tests.test_admin_management_iteration28.TestSuperAdminLogin" name="test_super_admin_2_login_bruno" time="0.331" /><testcase classname="backend.tests.test_admin_management_iteration28.TestSuperAdminLogin" name="test_legacy_admin_login" time="0.337" /><testcase classname="backend.tests.test_admin_management_iteration28.TestAdminTeam" name="test_get_admin_team_with_super_admin" time="0.522" /><testcase classname="backend.tests.test_admin_management_iteration28.TestAdminTeam" name="test_get_admin_team_without_token" time="0.134" /><testcase classname="backend.tests.test_admin_management_iteration28.TestAdminInvite" name="test_invite_admin_valid_domain" time="0.476" /><testcase classname="backend.tests.test_admin_management_iteration28.TestAdminInvite" name="test_invite_admin_invalid_domain_rejected" time="0.489" /><testcase classname="backend.tests.test_admin_management_iteration28.TestAdminInvite" name="test_invite_admin_invalid_domain_other" time="0.440" /><testcase classname="backend.tests.test_admin_management_iteration28.TestAdminInvite" name="test_invite_super_admin_by_super_admin" time="0.498" /><testcase classname="backend.tests.test_admin_management_iteration28.TestAdminChangePassword" name="test_change_password_wrong_current" time="0.664" /><testcase classname="backend.tests.test_admin_management_iteration28.TestAdminChangePassword" name="test_change_password_short_new" time="0.663" /><testcase classname="backend.tests.test_admin_management_iteration28.TestProfileImageUpload" name="test_upload_profile_image" time="0.461" /><testcase classname="backend.tests.test_admin_management_iteration28.TestAdminInviteVerification" name="test_verify_invite_token" time="0.587" /><testcase classname="backend.tests.test_admin_management_iteration28.TestAdminInviteVerification" name="test_verify_invalid_token" time="0.110" /><testcase classname="backend.tests.test_admin_management_iteration28.TestPendingInvites" name="test_get_pending_invites" time="0.467" /></testsuite></testsuites>