<?xml version="1.0" encoding="utf-8"?><testsuites name="pytest tests"><testsuite name="pytest" errors="0" failures="0" skipped="0" tests="17" time="4.444" timestamp="2026-03-10T22:40:46.985193+00:00" hostname="agent-env-d04a1fb6-ad19-409a-8a5f-bdae3441a1b1"><testcase classname="backend.tests.test_iteration13_folder_categories.TestFolderCategories" name="test_get_folder_categories_returns_7_defaults" time="0.765" /><testcase classname="backend.tests.test_iteration13_folder_categories.TestFolderCategories" name="test_folder_categories_have_correct_structure" time="0.147" /><testcase classname="backend.tests.test_iteration13_folder_categories.TestFolderCategories" name="test_default_categories_marked_correctly" time="0.272" /><testcase classname="backend.tests.test_iteration13_folder_categories.TestFolderCategories" name="test_folder_categories_have_correct_colors" time="0.189" /><testcase classname="backend.tests.test_iteration13_folder_categories.TestFolderCategories" name="test_create_custom_folder_category" time="0.140" /><testcase classname="backend.tests.test_iteration13_folder_categories.TestFolderCategories" name="test_cannot_create_duplicate_category_name" time="0.130" /><testcase classname="backend.tests.test_iteration13_folder_categories.TestFolderCategories" name="test_cannot_delete_default_category" time="0.137" /><testcase classname="backend.tests.test_iteration13_folder_categories.TestFolderCategories" name="test_cannot_delete_other_default_categories" time="0.363" /><testcase classname="backend.tests.test_iteration13_folder_categories.TestFolderCategories" name="test_can_delete_custom_category" time="0.272" /><testcase classname="backend.tests.test_iteration13_folder_categories.TestFolderCategories" name="test_get_documents_by_folder_structure" time="0.295" /><testcase classname="backend.tests.test_iteration13_folder_categories.TestFolderCategories" name="test_documents_by_folder_has_all_default_categories" time="0.130" /><testcase classname="backend.tests.test_iteration13_folder_categories.TestFolderCategories" name="test_documents_by_folder_contains_document_count" time="0.118" /><testcase classname="backend.tests.test_iteration13_folder_categories.TestFolderCategories" name="test_documents_by_folder_year_filter" time="0.122" /><testcase classname="backend.tests.test_iteration13_folder_categories.TestFolderCategories" name="test_update_document_category_endpoint_exists" time="0.136" /><testcase classname="backend.tests.test_iteration13_folder_categories.TestFolderCategories" name="test_cleanup_test_categories" time="0.299" /><testcase classname="backend.tests.test_iteration13_folder_categories.TestFolderCategoriesIntegration" name="test_existing_custom_category_fatture_fornitori" time="0.544" /><testcase classname="backend.tests.test_iteration13_folder_categories.TestFolderCategoriesIntegration" name="test_folder_colors_and_icons" time="0.158" /></testsuite></testsuites>