<?xml version="1.0" encoding="utf-8"?><testsuites name="pytest tests"><testsuite name="pytest" errors="0" failures="0" skipped="0" tests="11" time="5.524" timestamp="2026-04-01T21:08:00.138411+00:00" hostname="agent-env-d04a1fb6-ad19-409a-8a5f-bdae3441a1b1"><testcase classname="backend.tests.test_client_fees_iteration33.TestClientFeesAuthentication" name="test_login_admin" time="0.566" /><testcase classname="backend.tests.test_client_fees_iteration33.TestClientFeesCRUD" name="test_get_client_fees" time="0.384" /><testcase classname="backend.tests.test_client_fees_iteration33.TestClientFeesCRUD" name="test_get_client_fees_summary" time="0.422" /><testcase classname="backend.tests.test_client_fees_iteration33.TestClientFeesCRUD" name="test_create_fee_with_igic_7" time="0.658" /><testcase classname="backend.tests.test_client_fees_iteration33.TestClientFeesCRUD" name="test_create_fee_with_iva_21" time="0.463" /><testcase classname="backend.tests.test_client_fees_iteration33.TestClientFeesCRUD" name="test_create_fee_with_iva_22" time="0.487" /><testcase classname="backend.tests.test_client_fees_iteration33.TestClientFeesCRUD" name="test_create_fee_esente" time="0.468" /><testcase classname="backend.tests.test_client_fees_iteration33.TestClientFeesCRUD" name="test_create_recurring_fee" time="0.454" /><testcase classname="backend.tests.test_client_fees_iteration33.TestClientFeesCRUD" name="test_update_fee_status_to_paid" time="0.562" /><testcase classname="backend.tests.test_client_fees_iteration33.TestClientFeesCRUD" name="test_delete_fee" time="0.569" /><testcase classname="backend.tests.test_client_fees_iteration33.TestFeeTypes" name="test_get_fee_types" time="0.413" /></testsuite></testsuites>