<?xml version="1.0" encoding="utf-8"?><testsuites name="pytest tests"><testsuite name="pytest" errors="0" failures="0" skipped="0" tests="21" time="7.335" timestamp="2026-03-10T00:11:07.146157+00:00" hostname="agent-env-d04a1fb6-ad19-409a-8a5f-bdae3441a1b1"><testcase classname="backend.tests.test_iteration8_new_features.TestHealthCheck" name="test_api_root" time="0.293" /><testcase classname="backend.tests.test_iteration8_new_features.TestClientInvitation" name="test_invite_client_success" time="1.163" /><testcase classname="backend.tests.test_iteration8_new_features.TestClientInvitation" name="test_invite_client_email_only" time="0.739" /><testcase classname="backend.tests.test_iteration8_new_features.TestClientInvitation" name="test_invite_duplicate_email_fails" time="0.119" /><testcase classname="backend.tests.test_iteration8_new_features.TestClientInvitation" name="test_invite_requires_auth" time="0.106" /><testcase classname="backend.tests.test_iteration8_new_features.TestCompleteRegistration" name="test_complete_registration_invalid_token" time="0.134" /><testcase classname="backend.tests.test_iteration8_new_features.TestCompleteRegistration" name="test_complete_registration_short_password" time="0.924" /><testcase classname="backend.tests.test_iteration8_new_features.TestResendInvite" name="test_resend_invite_to_pending_client" time="1.265" /><testcase classname="backend.tests.test_iteration8_new_features.TestResendInvite" name="test_resend_invite_invalid_client" time="0.131" /><testcase classname="backend.tests.test_iteration8_new_features.TestFeesManagement" name="test_create_fee" time="0.274" /><testcase classname="backend.tests.test_iteration8_new_features.TestFeesManagement" name="test_get_fees" time="0.233" /><testcase classname="backend.tests.test_iteration8_new_features.TestFeesManagement" name="test_get_fees_summary" time="0.113" /><testcase classname="backend.tests.test_iteration8_new_features.TestFeesManagement" name="test_update_fee" time="0.365" /><testcase classname="backend.tests.test_iteration8_new_features.TestFeesManagement" name="test_delete_fee" time="0.368" /><testcase classname="backend.tests.test_iteration8_new_features.TestCertificates" name="test_get_certificates" time="0.112" /><testcase classname="backend.tests.test_iteration8_new_features.TestCertificates" name="test_upload_certificate_requires_file" time="0.117" /><testcase classname="backend.tests.test_iteration8_new_features.TestCertificates" name="test_delete_nonexistent_certificate" time="0.119" /><testcase classname="backend.tests.test_iteration8_new_features.TestDocumentSigning" name="test_sign_document_requires_certificate" time="0.124" /><testcase classname="backend.tests.test_iteration8_new_features.TestDocumentSigning" name="test_sign_document_missing_doc" time="0.107" /><testcase classname="backend.tests.test_iteration8_new_features.TestCleanup" name="test_cleanup_test_fees" time="0.254" /><testcase classname="backend.tests.test_iteration8_new_features.TestCleanup" name="test_cleanup_test_clients" time="0.166" /></testsuite></testsuites>