<?xml version="1.0" encoding="utf-8"?><testsuites name="pytest tests"><testsuite name="pytest" errors="0" failures="0" skipped="0" tests="14" time="2.290" timestamp="2026-03-09T22:54:12.121975+00:00" hostname="agent-env-d04a1fb6-ad19-409a-8a5f-bdae3441a1b1"><testcase classname="backend.tests.test_p1p2_features.TestAPIHealth" name="test_api_health" time="0.149" /><testcase classname="backend.tests.test_p1p2_features.TestAPIHealth" name="test_commercialista_login" time="0.353" /><testcase classname="backend.tests.test_p1p2_features.TestStatsEndpoint" name="test_stats_endpoint_returns_data" time="0.111" /><testcase classname="backend.tests.test_p1p2_features.TestStatsEndpoint" name="test_stats_contains_deadlines_data" time="0.134" /><testcase classname="backend.tests.test_p1p2_features.TestPendingVerification" name="test_pending_verification_endpoint_exists" time="0.107" /><testcase classname="backend.tests.test_p1p2_features.TestPendingVerification" name="test_pending_verification_document_structure" time="0.129" /><testcase classname="backend.tests.test_p1p2_features.TestSemanticSearch" name="test_search_endpoint_exists" time="0.104" /><testcase classname="backend.tests.test_p1p2_features.TestSemanticSearch" name="test_search_with_different_queries" time="0.475" /><testcase classname="backend.tests.test_p1p2_features.TestSemanticSearch" name="test_search_returns_relevance_scores" time="0.117" /><testcase classname="backend.tests.test_p1p2_features.TestDocumentVerification" name="test_verify_document_endpoint_exists" time="0.111" /><testcase classname="backend.tests.test_p1p2_features.TestAutoRename" name="test_upload_auto_endpoint_exists" time="0.116" /><testcase classname="backend.tests.test_p1p2_features.TestAutoRename" name="test_rename_document_endpoint_exists" time="0.106" /><testcase classname="backend.tests.test_p1p2_features.TestClientsList" name="test_clients_list" time="0.117" /><testcase classname="backend.tests.test_p1p2_features.TestActivityLogs" name="test_activity_logs" time="0.108" /></testsuite></testsuites>