<?xml version="1.0" encoding="utf-8"?><testsuites name="pytest tests"><testsuite name="pytest" errors="0" failures="0" skipped="0" tests="15" time="9.084" timestamp="2026-03-29T14:15:28.040334+00:00" hostname="agent-env-d04a1fb6-ad19-409a-8a5f-bdae3441a1b1"><testcase classname="backend.tests.test_admin_profile_iteration29.TestAdminProfileFeature" name="test_update_profile_first_name" time="0.632" /><testcase classname="backend.tests.test_admin_profile_iteration29.TestAdminProfileFeature" name="test_update_profile_last_name" time="0.436" /><testcase classname="backend.tests.test_admin_profile_iteration29.TestAdminProfileFeature" name="test_update_profile_phone" time="0.463" /><testcase classname="backend.tests.test_admin_profile_iteration29.TestAdminProfileFeature" name="test_update_profile_all_fields" time="0.422" /><testcase classname="backend.tests.test_admin_profile_iteration29.TestAdminProfileFeature" name="test_update_profile_empty_data" time="0.448" /><testcase classname="backend.tests.test_admin_profile_iteration29.TestAdminProfileFeature" name="test_update_profile_unauthorized" time="0.516" /><testcase classname="backend.tests.test_admin_profile_iteration29.TestAdminProfileFeature" name="test_change_password_wrong_current" time="0.689" /><testcase classname="backend.tests.test_admin_profile_iteration29.TestAdminProfileFeature" name="test_change_password_short_new" time="0.651" /><testcase classname="backend.tests.test_admin_profile_iteration29.TestAdminProfileFeature" name="test_change_password_success" time="1.767" /><testcase classname="backend.tests.test_admin_profile_iteration29.TestAdminProfileFeature" name="test_change_password_unauthorized" time="0.483" /><testcase classname="backend.tests.test_admin_profile_iteration29.TestAdminProfileFeature" name="test_upload_profile_image_success" time="0.501" /><testcase classname="backend.tests.test_admin_profile_iteration29.TestAdminProfileFeature" name="test_upload_profile_image_non_image" time="0.516" /><testcase classname="backend.tests.test_admin_profile_iteration29.TestAdminProfileFeature" name="test_upload_profile_image_unauthorized" time="0.508" /><testcase classname="backend.tests.test_admin_profile_iteration29.TestAdminProfileFeature" name="test_get_me_returns_profile_fields" time="0.457" /><testcase classname="backend.tests.test_admin_profile_iteration29.TestAdminProfileFeature" name="test_remove_profile_image" time="0.472" /></testsuite></testsuites>