<?xml version="1.0" encoding="utf-8"?><testsuites name="pytest tests"><testsuite name="pytest" errors="0" failures="0" skipped="0" tests="13" time="9.757" timestamp="2026-03-10T14:14:07.501285+00:00" hostname="agent-env-d04a1fb6-ad19-409a-8a5f-bdae3441a1b1"><testcase classname="backend.tests.test_iteration11_employees.TestEmployeeManagement" name="test_01_hire_request_creates_employee" time="2.834" /><testcase classname="backend.tests.test_iteration11_employees.TestEmployeeManagement" name="test_02_get_employees_as_client" time="0.115" /><testcase classname="backend.tests.test_iteration11_employees.TestEmployeeManagement" name="test_03_get_employees_as_admin" time="0.115" /><testcase classname="backend.tests.test_iteration11_employees.TestEmployeeManagement" name="test_04_get_employee_detail" time="0.101" /><testcase classname="backend.tests.test_iteration11_employees.TestEmployeeManagement" name="test_05_update_employee_status_to_active" time="0.263" /><testcase classname="backend.tests.test_iteration11_employees.TestEmployeeManagement" name="test_06_upload_employee_document" time="1.766" /><testcase classname="backend.tests.test_iteration11_employees.TestEmployeeManagement" name="test_07_termination_request" time="1.805" /><testcase classname="backend.tests.test_iteration11_employees.TestEmployeeManagement" name="test_08_confirm_termination" time="0.230" /><testcase classname="backend.tests.test_iteration11_employees.TestEmployeeNotifications" name="test_01_get_notifications" time="0.444" /><testcase classname="backend.tests.test_iteration11_employees.TestEmployeeNotifications" name="test_02_get_notification_count" time="0.461" /><testcase classname="backend.tests.test_iteration11_employees.TestEmployeeNotifications" name="test_03_mark_notification_read" time="0.619" /><testcase classname="backend.tests.test_iteration11_employees.TestEmployeeNotifications" name="test_04_mark_all_read" time="0.449" /><testcase classname="backend.tests.test_iteration11_employees.TestEmployeeStatusVisual" name="test_status_values" time="0.505" /></testsuite></testsuites>