<?xml version="1.0" encoding="utf-8"?><testsuites name="pytest tests"><testsuite name="pytest" errors="0" failures="0" skipped="0" tests="9" time="13.206" timestamp="2026-03-09T23:49:08.853712+00:00" hostname="agent-env-d04a1fb6-ad19-409a-8a5f-bdae3441a1b1"><testcase classname="backend.tests.test_iteration7_deadlines.TestDeadlinesRecurringFeatures" name="test_api_health_check" time="0.560" /><testcase classname="backend.tests.test_iteration7_deadlines.TestDeadlinesRecurringFeatures" name="test_get_client_lists" time="0.448" /><testcase classname="backend.tests.test_iteration7_deadlines.TestDeadlinesRecurringFeatures" name="test_create_deadline_with_list_ids" time="0.499" /><testcase classname="backend.tests.test_iteration7_deadlines.TestDeadlinesRecurringFeatures" name="test_create_recurring_deadline_monthly" time="0.517" /><testcase classname="backend.tests.test_iteration7_deadlines.TestDeadlinesRecurringFeatures" name="test_create_recurring_deadline_quarterly" time="0.560" /><testcase classname="backend.tests.test_iteration7_deadlines.TestDeadlinesRecurringFeatures" name="test_create_recurring_deadline_annual" time="0.514" /><testcase classname="backend.tests.test_iteration7_deadlines.TestDeadlinesRecurringFeatures" name="test_send_reminders_batch" time="0.490" /><testcase classname="backend.tests.test_iteration7_deadlines.TestDeadlinesRecurringFeatures" name="test_get_deadlines_with_list_ids" time="8.931" /><testcase classname="backend.tests.test_iteration7_deadlines.TestDeadlinesRecurringFeatures" name="test_deadline_response_model_fields" time="0.568" /></testsuite></testsuites>