<?xml version="1.0" encoding="utf-8"?><testsuites name="pytest tests"><testsuite name="pytest" errors="0" failures="0" skipped="3" tests="7" time="1.358" timestamp="2026-03-29T22:12:10.193376+00:00" hostname="agent-env-d04a1fb6-ad19-409a-8a5f-bdae3441a1b1"><testcase classname="backend.tests.test_admin_declarations_view_iteration31.TestAdminDeclarationsView" name="test_get_tax_returns_returns_client_info" time="0.575" /><testcase classname="backend.tests.test_admin_declarations_view_iteration31.TestAdminDeclarationsView" name="test_get_tax_returns_list_structure" time="0.155" /><testcase classname="backend.tests.test_admin_declarations_view_iteration31.TestAdminDeclarationsView" name="test_update_tax_return_status" time="0.143"><skipped type="pytest.skip" message="No tax returns available to test status update">/app/backend/tests/test_admin_declarations_view_iteration31.py:82: No tax returns available to test status update</skipped></testcase><testcase classname="backend.tests.test_admin_declarations_view_iteration31.TestAdminDeclarationsView" name="test_update_status_invalid_status" time="0.105"><skipped type="pytest.skip" message="No tax returns available">/app/backend/tests/test_admin_declarations_view_iteration31.py:141: No tax returns available</skipped></testcase><testcase classname="backend.tests.test_admin_declarations_view_iteration31.TestAdminDeclarationsView" name="test_soft_delete_tax_return" time="0.113"><skipped type="pytest.skip" message="No tax returns available to test delete">/app/backend/tests/test_admin_declarations_view_iteration31.py:164: No tax returns available to test delete</skipped></testcase><testcase classname="backend.tests.test_admin_declarations_view_iteration31.TestAdminDeclarationsView" name="test_delete_nonexistent_tax_return" time="0.106" /><testcase classname="backend.tests.test_admin_declarations_view_iteration31.TestAdminDeclarationsView" name="test_get_clients_with_declarations" time="0.101" /></testsuite></testsuites>