<?xml version="1.0" encoding="utf-8"?><testsuites name="pytest tests"><testsuite name="pytest" errors="0" failures="0" skipped="0" tests="20" time="5.472" timestamp="2026-03-28T19:00:58.290508+00:00" hostname="agent-env-d04a1fb6-ad19-409a-8a5f-bdae3441a1b1"><testcase classname="backend.tests.test_tickets_iteration21.TestTicketSystem" name="test_01_admin_login" time="0.847" /><testcase classname="backend.tests.test_tickets_iteration21.TestTicketSystem" name="test_02_register_test_client" time="1.207" /><testcase classname="backend.tests.test_tickets_iteration21.TestTicketSystem" name="test_03_client_create_ticket" time="0.143" /><testcase classname="backend.tests.test_tickets_iteration21.TestTicketSystem" name="test_04_admin_cannot_create_ticket" time="0.149" /><testcase classname="backend.tests.test_tickets_iteration21.TestTicketSystem" name="test_05_client_get_own_tickets" time="0.144" /><testcase classname="backend.tests.test_tickets_iteration21.TestTicketSystem" name="test_06_admin_get_all_tickets" time="0.136" /><testcase classname="backend.tests.test_tickets_iteration21.TestTicketSystem" name="test_07_admin_filter_tickets_by_status" time="0.123" /><testcase classname="backend.tests.test_tickets_iteration21.TestTicketSystem" name="test_08_admin_filter_tickets_by_client" time="0.125" /><testcase classname="backend.tests.test_tickets_iteration21.TestTicketSystem" name="test_09_get_single_ticket" time="0.113" /><testcase classname="backend.tests.test_tickets_iteration21.TestTicketSystem" name="test_10_admin_reply_to_ticket" time="0.118" /><testcase classname="backend.tests.test_tickets_iteration21.TestTicketSystem" name="test_11_client_sees_admin_reply" time="0.124" /><testcase classname="backend.tests.test_tickets_iteration21.TestTicketSystem" name="test_12_client_reply_to_ticket" time="0.107" /><testcase classname="backend.tests.test_tickets_iteration21.TestTicketSystem" name="test_13_admin_close_ticket" time="0.115" /><testcase classname="backend.tests.test_tickets_iteration21.TestTicketSystem" name="test_14_cannot_reply_to_closed_ticket" time="0.121" /><testcase classname="backend.tests.test_tickets_iteration21.TestTicketSystem" name="test_15_admin_reopen_ticket" time="0.120" /><testcase classname="backend.tests.test_tickets_iteration21.TestTicketSystem" name="test_16_admin_archive_ticket" time="0.112" /><testcase classname="backend.tests.test_tickets_iteration21.TestTicketSystem" name="test_17_cannot_reply_to_archived_ticket" time="0.113" /><testcase classname="backend.tests.test_tickets_iteration21.TestTicketSystem" name="test_18_admin_ticket_notifications" time="0.109" /><testcase classname="backend.tests.test_tickets_iteration21.TestTicketSystem" name="test_19_admin_delete_ticket" time="0.232" /><testcase classname="backend.tests.test_tickets_iteration21.TestTicketSystem" name="test_20_create_tickets_for_status_verification" time="1.082" /></testsuite></testsuites>