<?xml version="1.0" encoding="utf-8"?><testsuites name="pytest tests"><testsuite name="pytest" errors="0" failures="2" skipped="0" tests="21" time="3.612" timestamp="2026-03-28T20:38:22.663342+00:00" hostname="agent-env-d04a1fb6-ad19-409a-8a5f-bdae3441a1b1"><testcase classname="tests.test_refactoring_iteration23.TestAuthAndLogin" name="test_admin_login_success" time="0.456" /><testcase classname="tests.test_refactoring_iteration23.TestAuthAndLogin" name="test_admin_login_wrong_password" time="0.350" /><testcase classname="tests.test_refactoring_iteration23.TestClientsAPI" name="test_get_clients_list" time="0.450" /><testcase classname="tests.test_refactoring_iteration23.TestDeclarationsAPI" name="test_get_declaration_types" time="0.111" /><testcase classname="tests.test_refactoring_iteration23.TestDeclarationsAPI" name="test_get_tax_returns" time="0.115" /><testcase classname="tests.test_refactoring_iteration23.TestDeclarationsAPI" name="test_get_tax_returns_with_filters" time="0.185" /><testcase classname="tests.test_refactoring_iteration23.TestTicketsAPI" name="test_get_tickets_list" time="0.119" /><testcase classname="tests.test_refactoring_iteration23.TestTicketsAPI" name="test_get_tickets_with_status_filter" time="0.132" /><testcase classname="tests.test_refactoring_iteration23.TestTicketsAPI" name="test_get_ticket_notifications" time="0.117" /><testcase classname="tests.test_refactoring_iteration23.TestFeesAPI" name="test_get_all_fees" time="0.119" /><testcase classname="tests.test_refactoring_iteration23.TestFeesAPI" name="test_get_fees_summary" time="0.140" /><testcase classname="tests.test_refactoring_iteration23.TestFeesAPI" name="test_get_fees_by_client" time="0.114" /><testcase classname="tests.test_refactoring_iteration23.TestFeesAPI" name="test_get_fees_with_filters" time="0.114" /><testcase classname="tests.test_refactoring_iteration23.TestDeadlinesAPI" name="test_get_deadlines" time="0.115" /><testcase classname="tests.test_refactoring_iteration23.TestDocumentsAPI" name="test_get_documents" time="0.114" /><testcase classname="tests.test_refactoring_iteration23.TestFolderCategoriesAPI" name="test_get_folder_categories" time="0.106" /><testcase classname="tests.test_refactoring_iteration23.TestClientListsAPI" name="test_get_client_lists" time="0.109" /><testcase classname="tests.test_refactoring_iteration23.TestModelliTributariAPI" name="test_get_modelli_tributari" time="0.092" /><testcase classname="tests.test_refactoring_iteration23.TestActivityLogAPI" name="test_get_activity_log" time="0.102"><failure message="assert 404 == 200&#10; +  where 404 = &lt;Response [404]&gt;.status_code">tests/test_refactoring_iteration23.py:246: in test_get_activity_log
    assert response.status_code == 200
E   assert 404 == 200
E    +  where 404 = &lt;Response [404]&gt;.status_code</failure></testcase><testcase classname="tests.test_refactoring_iteration23.TestDashboardStats" name="test_get_dashboard_stats" time="0.104"><failure message="assert 404 == 200&#10; +  where 404 = &lt;Response [404]&gt;.status_code">tests/test_refactoring_iteration23.py:258: in test_get_dashboard_stats
    assert response.status_code == 200
E   assert 404 == 200
E    +  where 404 = &lt;Response [404]&gt;.status_code</failure></testcase><testcase classname="tests.test_refactoring_iteration23.TestClientFeesIntegration" name="test_get_client_fees" time="0.226" /></testsuite></testsuites>