<?xml version="1.0" encoding="utf-8"?><testsuites name="pytest tests"><testsuite name="pytest" errors="0" failures="0" skipped="0" tests="15" time="6.844" timestamp="2026-04-19T13:38:41.644997+00:00" hostname="agent-env-d04a1fb6-ad19-409a-8a5f-bdae3441a1b1"><testcase classname="backend.tests.test_documents_v2_iteration42" name="test_01_list_documents" time="0.531" /><testcase classname="backend.tests.test_documents_v2_iteration42" name="test_02_upload_document_as_client" time="0.570" /><testcase classname="backend.tests.test_documents_v2_iteration42" name="test_03_upload_document_as_admin" time="0.112" /><testcase classname="backend.tests.test_documents_v2_iteration42" name="test_04_upload_invalid_file_type" time="0.104" /><testcase classname="backend.tests.test_documents_v2_iteration42" name="test_05_download_single_document" time="0.232" /><testcase classname="backend.tests.test_documents_v2_iteration42" name="test_06_delete_document" time="0.266" /><testcase classname="backend.tests.test_documents_v2_iteration42" name="test_07_download_pdf_riepilogativo" time="0.200" /><testcase classname="backend.tests.test_documents_v2_iteration42" name="test_08_download_zip_completo" time="0.119" /><testcase classname="backend.tests.test_documents_v2_iteration42" name="test_09_pdf_forbidden_for_client" time="0.199" /><testcase classname="backend.tests.test_documents_v2_iteration42" name="test_10_send_message_with_attachment" time="1.535" /><testcase classname="backend.tests.test_documents_v2_iteration42" name="test_11_send_integration_request" time="0.561" /><testcase classname="backend.tests.test_documents_v2_iteration42" name="test_12_send_message_without_attachment" time="0.565" /><testcase classname="backend.tests.test_documents_v2_iteration42" name="test_13_change_status_with_notification" time="0.696" /><testcase classname="backend.tests.test_documents_v2_iteration42" name="test_14_change_status_to_pronta" time="0.546" /><testcase classname="backend.tests.test_documents_v2_iteration42" name="test_15_reset_status_to_bozza" time="0.537" /></testsuite></testsuites>