<?xml version="1.0" encoding="utf-8"?><testsuites name="pytest tests"><testsuite name="pytest" errors="0" failures="0" skipped="0" tests="14" time="3.959" timestamp="2026-04-01T20:10:38.435325+00:00" hostname="agent-env-d04a1fb6-ad19-409a-8a5f-bdae3441a1b1"><testcase classname="backend.tests.test_fees_onorari_iteration32.TestFeesAuthentication" name="test_login_admin_success" time="0.597" /><testcase classname="backend.tests.test_fees_onorari_iteration32.TestFeesByCategory" name="test_get_fees_by_category" time="0.490" /><testcase classname="backend.tests.test_fees_onorari_iteration32.TestMonthlyStats" name="test_get_monthly_stats_current_year" time="0.167" /><testcase classname="backend.tests.test_fees_onorari_iteration32.TestMonthlyStats" name="test_get_monthly_stats_with_category_filter" time="0.130" /><testcase classname="backend.tests.test_fees_onorari_iteration32.TestCategoryClients" name="test_get_category_clients_autonomo" time="0.140" /><testcase classname="backend.tests.test_fees_onorari_iteration32.TestCategoryClients" name="test_get_category_clients_societa" time="0.135" /><testcase classname="backend.tests.test_fees_onorari_iteration32.TestCategoryClients" name="test_get_category_clients_nonexistent" time="0.118" /><testcase classname="backend.tests.test_fees_onorari_iteration32.TestFeesByClient" name="test_get_fees_by_client" time="0.118" /><testcase classname="backend.tests.test_fees_onorari_iteration32.TestFeesSummary" name="test_get_fees_summary" time="0.152" /><testcase classname="backend.tests.test_fees_onorari_iteration32.TestFeeTypes" name="test_get_fee_types" time="0.136" /><testcase classname="backend.tests.test_fees_onorari_iteration32.TestCreateFeeWithTax" name="test_create_fee_with_igic_7" time="0.359" /><testcase classname="backend.tests.test_fees_onorari_iteration32.TestCreateFeeWithTax" name="test_create_fee_with_iva_21" time="0.363" /><testcase classname="backend.tests.test_fees_onorari_iteration32.TestCreateFeeWithTax" name="test_create_fee_esente" time="0.405" /><testcase classname="backend.tests.test_fees_onorari_iteration32.TestCreateFeeWithTax" name="test_create_recurring_fee" time="0.411" /></testsuite></testsuites>