<?xml version="1.0" encoding="utf-8"?><testsuites name="pytest tests"><testsuite name="pytest" errors="0" failures="0" skipped="0" tests="9" time="3.211" timestamp="2026-03-29T21:13:26.023951+00:00" hostname="agent-env-d04a1fb6-ad19-409a-8a5f-bdae3441a1b1"><testcase classname="backend.tests.test_admin_identity_tracking_iteration30.TestAdminIdentityInMessages" name="test_send_message_saves_admin_profile_fields" time="1.311" /><testcase classname="backend.tests.test_admin_identity_tracking_iteration30.TestAdminIdentityInMessages" name="test_message_sender_role_is_admin" time="0.109" /><testcase classname="backend.tests.test_admin_identity_tracking_iteration30.TestAssignTaxReturn" name="test_assign_tax_return_to_admin" time="0.510" /><testcase classname="backend.tests.test_admin_identity_tracking_iteration30.TestAssignTaxReturn" name="test_verify_assignment_persisted" time="0.116" /><testcase classname="backend.tests.test_admin_identity_tracking_iteration30.TestAssignTaxReturn" name="test_assign_requires_admin_role" time="0.110" /><testcase classname="backend.tests.test_admin_identity_tracking_iteration30.TestIntegrationRequestsAdminIdentity" name="test_create_integration_request_saves_admin_info" time="0.613" /><testcase classname="backend.tests.test_admin_identity_tracking_iteration30.TestTaxReturnListWithAssignment" name="test_get_tax_returns_list" time="0.103" /><testcase classname="backend.tests.test_admin_identity_tracking_iteration30.TestClientsWithDeclarations" name="test_get_clients_with_declarations" time="0.161" /><testcase classname="backend.tests.test_admin_identity_tracking_iteration30.TestMessageReadStatus" name="test_mark_messages_read" time="0.127" /></testsuite></testsuites>