<?xml version="1.0" encoding="utf-8"?><testsuites name="pytest tests"><testsuite name="pytest" errors="0" failures="0" skipped="0" tests="11" time="4.608" timestamp="2026-03-10T22:22:39.462659+00:00" hostname="agent-env-d04a1fb6-ad19-409a-8a5f-bdae3441a1b1"><testcase classname="tests.test_iteration12_consulenti_global_upload.TestAuth" name="test_admin_login" time="0.537" /><testcase classname="tests.test_iteration12_consulenti_global_upload.TestConsulenteInvitation" name="test_invite_consulente_endpoint" time="0.408" /><testcase classname="tests.test_iteration12_consulenti_global_upload.TestConsulenteInvitation" name="test_invite_consulente_requires_name_and_email" time="0.399" /><testcase classname="tests.test_iteration12_consulenti_global_upload.TestConsulenteInvitation" name="test_get_consulenti_invitations" time="0.399" /><testcase classname="tests.test_iteration12_consulenti_global_upload.TestConsulenteInvitation" name="test_duplicate_invitation_rejected" time="0.455" /><testcase classname="tests.test_iteration12_consulenti_global_upload.TestCompleteRegistration" name="test_complete_registration_endpoint_exists" time="0.129" /><testcase classname="tests.test_iteration12_consulenti_global_upload.TestGlobalDocumentUpload" name="test_stats_show_active_clients" time="0.402" /><testcase classname="tests.test_iteration12_consulenti_global_upload.TestGlobalDocumentUpload" name="test_clients_list_with_stato_field" time="0.423" /><testcase classname="tests.test_iteration12_consulenti_global_upload.TestGlobalDocumentUpload" name="test_document_upload_endpoint_exists" time="0.455" /><testcase classname="tests.test_iteration12_consulenti_global_upload.TestConsulenteResendInvite" name="test_resend_invite" time="0.458" /><testcase classname="tests.test_iteration12_consulenti_global_upload.TestConsulenteList" name="test_get_consulenti_list" time="0.403" /></testsuite></testsuites>