<?xml version="1.0" encoding="utf-8"?><testsuites name="pytest tests"><testsuite name="pytest" errors="0" failures="0" skipped="0" tests="13" time="6.255" timestamp="2026-03-28T18:03:02.962355+00:00" hostname="agent-env-d04a1fb6-ad19-409a-8a5f-bdae3441a1b1"><testcase classname="backend.tests.test_fees_global.TestFeesGlobal" name="test_login_success" time="0.715" /><testcase classname="backend.tests.test_fees_global.TestFeesGlobal" name="test_get_fees_all_endpoint_exists" time="0.387" /><testcase classname="backend.tests.test_fees_global.TestFeesGlobal" name="test_get_fees_summary_endpoint_exists" time="0.401" /><testcase classname="backend.tests.test_fees_global.TestFeesGlobal" name="test_fees_all_with_search_filter" time="0.381" /><testcase classname="backend.tests.test_fees_global.TestFeesGlobal" name="test_fees_all_with_status_filter" time="0.563" /><testcase classname="backend.tests.test_fees_global.TestFeesGlobal" name="test_fees_all_with_client_type_filter" time="0.548" /><testcase classname="backend.tests.test_fees_global.TestFeesGlobal" name="test_fees_all_with_year_filter" time="0.410" /><testcase classname="backend.tests.test_fees_global.TestFeesGlobal" name="test_fees_all_with_combined_filters" time="0.377" /><testcase classname="backend.tests.test_fees_global.TestFeesGlobal" name="test_fees_all_response_structure" time="0.434" /><testcase classname="backend.tests.test_fees_global.TestFeesGlobal" name="test_fees_summary_response_structure" time="0.405" /><testcase classname="backend.tests.test_fees_global.TestFeesGlobal" name="test_fees_unauthorized_access" time="0.475" /><testcase classname="backend.tests.test_fees_global.TestClientFees" name="test_get_clients_list" time="0.426" /><testcase classname="backend.tests.test_fees_global.TestClientFees" name="test_create_and_get_client_fee" time="0.628" /></testsuite></testsuites>