<?xml version="1.0" encoding="utf-8"?><testsuites name="pytest tests"><testsuite name="pytest" errors="0" failures="0" skipped="0" tests="10" time="5.893" timestamp="2026-03-09T23:35:33.169921+00:00" hostname="agent-env-d04a1fb6-ad19-409a-8a5f-bdae3441a1b1"><testcase classname="backend.tests.test_iteration6_features.TestClientSelfUpdate" name="test_client_login" time="0.356" /><testcase classname="backend.tests.test_iteration6_features.TestClientSelfUpdate" name="test_get_client_profile" time="0.507" /><testcase classname="backend.tests.test_iteration6_features.TestClientSelfUpdate" name="test_update_client_profile" time="0.588" /><testcase classname="backend.tests.test_iteration6_features.TestClientSelfUpdate" name="test_client_cannot_update_restricted_fields" time="0.471" /><testcase classname="backend.tests.test_iteration6_features.TestCommercialistaClientUpdate" name="test_update_client_tipo_cliente_auto_lista" time="0.921" /><testcase classname="backend.tests.test_iteration6_features.TestModelliTributari" name="test_get_modelli_tributari" time="0.439" /><testcase classname="backend.tests.test_iteration6_features.TestModelliTributari" name="test_modelli_no_conseguenze_field" time="0.458" /><testcase classname="backend.tests.test_iteration6_features.TestModelliTributari" name="test_update_modello_with_youtube_video" time="0.679" /><testcase classname="backend.tests.test_iteration6_features.TestModelliTributari" name="test_create_modello_with_youtube" time="0.603" /><testcase classname="backend.tests.test_iteration6_features.TestModelsManagementPage" name="test_modelli_crud_endpoints" time="0.793" /></testsuite></testsuites>